c:\users\lewisliu\source\repos\qt_dx9\x64\release\qrc_gdxwidget.obj
c:\users\lewisliu\source\repos\qt_dx9\x64\release\geometrygenerator.obj
c:\users\lewisliu\source\repos\qt_dx9\x64\release\mathhelper.obj
c:\users\lewisliu\source\repos\qt_dx9\x64\release\myopengl.obj
c:\users\lewisliu\source\repos\qt_dx9\x64\release\main.obj
c:\users\lewisliu\source\repos\qt_dx9\x64\release\glwidget.obj
c:\users\lewisliu\source\repos\qt_dx9\x64\release\model.obj
c:\users\lewisliu\source\repos\qt_dx9\x64\release\gdxwidget.obj
c:\users\lewisliu\source\repos\qt_dx9\x64\release\mainwindow.obj
c:\users\lewisliu\source\repos\qt_dx9\x64\release\widget.obj
c:\users\lewisliu\source\repos\qt_dx9\x64\release\camera.obj
c:\users\lewisliu\source\repos\qt_dx9\x64\release\mesh.obj
c:\users\lewisliu\source\repos\qt_dx9\x64\release\d3d11renderwidget.obj
c:\users\lewisliu\source\repos\qt_dx9\x64\release\moc_myopengl.obj
c:\users\lewisliu\source\repos\qt_dx9\x64\release\moc_mainwindow.obj
c:\users\lewisliu\source\repos\qt_dx9\x64\release\moc_d3d11renderwidget.obj
c:\users\lewisliu\source\repos\qt_dx9\x64\release\moc_glwidget.obj
c:\users\lewisliu\source\repos\qt_dx9\x64\release\moc_gdxwidget.obj
c:\users\lewisliu\source\repos\qt_dx9\x64\release\moc_widget.obj
c:\users\lewisliu\source\repos\qt_dx9\x64\release\qt_dx9.exe
c:\users\lewisliu\source\repos\qt_dx9\x64\release\moc\moc_gdxwidget.cpp
c:\users\lewisliu\source\repos\qt_dx9\x64\release\moc\moc_d3d11renderwidget.cpp
c:\users\lewisliu\source\repos\qt_dx9\x64\release\moc\moc_myopengl.cpp
c:\users\lewisliu\source\repos\qt_dx9\x64\release\moc\moc_mainwindow.cpp
c:\users\lewisliu\source\repos\qt_dx9\x64\release\moc\moc_widget.cpp
c:\users\lewisliu\source\repos\qt_dx9\x64\release\moc\moc_glwidget.cpp
c:\users\lewisliu\source\repos\qt_dx9\x64\release\uic\ui_mainwindow.h
c:\users\lewisliu\source\repos\qt_dx9\x64\release\rcc\qrc_gdxwidget.cpp
c:\users\lewisliu\source\repos\qt_dx9\x64\release\qt_dx9.tlog\cl.command.1.tlog
c:\users\lewisliu\source\repos\qt_dx9\x64\release\qt_dx9.tlog\cl.read.1.tlog
c:\users\lewisliu\source\repos\qt_dx9\x64\release\qt_dx9.tlog\cl.write.1.tlog
c:\users\lewisliu\source\repos\qt_dx9\x64\release\qt_dx9.tlog\link.command.1.tlog
c:\users\lewisliu\source\repos\qt_dx9\x64\release\qt_dx9.tlog\link.read.1.tlog
c:\users\lewisliu\source\repos\qt_dx9\x64\release\qt_dx9.tlog\link.write.1.tlog
c:\users\lewisliu\source\repos\qt_dx9\x64\release\qt_dx9.tlog\moc.read.1u.tlog
c:\users\lewisliu\source\repos\qt_dx9\x64\release\qt_dx9.tlog\moc.write.1u.tlog
c:\users\lewisliu\source\repos\qt_dx9\x64\release\qt_dx9.tlog\qt_dx9.write.1u.tlog
c:\users\lewisliu\source\repos\qt_dx9\x64\release\qt_dx9.tlog\rcc.read.1u.tlog
c:\users\lewisliu\source\repos\qt_dx9\x64\release\qt_dx9.tlog\rcc.write.1u.tlog
c:\users\lewisliu\source\repos\qt_dx9\x64\release\qt_dx9.tlog\uic.read.1u.tlog
c:\users\lewisliu\source\repos\qt_dx9\x64\release\qt_dx9.tlog\uic.write.1u.tlog
